• turbo 2.7.1
• Packages in scope: @calcom/alby, @calcom/amie, @calcom/api, @calcom/api-proxy, @calcom/api-v2, @calcom/app-store, @calcom/app-store-cli, @calcom/applecalendar, @calcom/atoms, @calcom/attio, @calcom/autocheckin, @calcom/baa-for-hipaa, @calcom/base, @calcom/basecamp3, @calcom/bolna, @calcom/btcpayserver, @calcom/caldavcalendar, @calcom/campfire, @calcom/chatbase, @calcom/clic, @calcom/closecom, @calcom/config, @calcom/cron, @calcom/dailyvideo, @calcom/databuddy, @calcom/dayjs, @calcom/debugging, @calcom/deel, @calcom/demodesk, @calcom/dialpad, @calcom/discord, @calcom/dub, @calcom/eightxeight, @calcom/element-call, @calcom/elevenlabs, @calcom/emails, @calcom/embed-core, @calcom/embed-react, @calcom/embed-snippet, @calcom/example-app-credential-sync, @calcom/exchange2013calendar, @calcom/exchange2016calendar, @calcom/exchangecalendar, @calcom/facetime, @calcom/fathom, @calcom/feature-auth, @calcom/features, @calcom/feishucalendar, @calcom/fonio-ai, @calcom/framer, @calcom/ga4, @calcom/giphy, @calcom/googlecalendar, @calcom/googlevideo, @calcom/granola, @calcom/greetmate-ai, @calcom/gtm, @calcom/hitpay, @calcom/horizon-workrooms, @calcom/hubspot, @calcom/huddle01video, @calcom/ics-feed, @calcom/insihts, @calcom/intercom, @calcom/jelly, @calcom/jitsivideo, @calcom/kysely, @calcom/larkcalendar, @calcom/lib, @calcom/lindy, @calcom/linear, @calcom/make, @calcom/matomo, @calcom/metapixel, @calcom/millis-ai, @calcom/mirotalk, @calcom/mock-payment-app, @calcom/monobot, @calcom/n8n, @calcom/nextcloudtalk, @calcom/office365calendar, @calcom/office365video, @calcom/paypal, @calcom/ping, @calcom/pipedream, @calcom/pipedrive-crm, @calcom/platform-constants, @calcom/platform-enums, @calcom/platform-libraries, @calcom/platform-types, @calcom/platform-utils, @calcom/plausible, @calcom/posthog, @calcom/prisma, @calcom/qr_code, @calcom/raycast, @calcom/retell-ai, @calcom/riverside, @calcom/roam, @calcom/routing-forms, @calcom/salesforce, @calcom/salesroom, @calcom/sendgrid, @calcom/shimmer-video, @calcom/signal, @calcom/sirius_video, @calcom/skype, @calcom/stripepayment, @calcom/sylapsvideo, @calcom/synthflow, @calcom/tandemvideo, @calcom/telegram, @calcom/telli, @calcom/testing, @calcom/trpc, @calcom/tsconfig, @calcom/twipla, @calcom/types, @calcom/ui, @calcom/umami, @calcom/vimcal, @calcom/vital, @calcom/weather_in_your_calendar, @calcom/web, @calcom/webex, @calcom/whatsapp, @calcom/whereby, @calcom/wordpress, @calcom/zapier, @calcom/zoho-bigin, @calcom/zohocalendar, @calcom/zohocrm, @calcom/zoomvideo, @coss/ui, WipeMyCal
• Running type-check:ci in 135 packages
• Remote caching disabled
cache bypass, force executing 059a6c297c747b1f
warn The configuration property `package.json#prisma` is deprecated and will be removed in Prisma 7. Please migrate to a Prisma config file (e.g., `prisma.config.ts`).
For more information, see: https://pris.ly/prisma-config

Environment variables loaded from .env
Prisma schema loaded from schema.prisma

✔ Generated Prisma Client (6.16.1) to ./generated/prisma in 360ms

✔ Generated Zod Prisma Types to ./zod in 1.34s

✔ Generated Kysely types (2.2.0) to ./../kysely in 276ms

✔ Generated Prisma Enum Generator to ./enums/index.ts in 226ms

warn The configuration property `package.json#prisma` is deprecated and will be removed in Prisma 7. Please migrate to a Prisma config file (e.g., `prisma.config.ts`).
For more information, see: https://pris.ly/prisma-config

Prisma schema loaded from schema.prisma
Formatted schema.prisma in 43ms 🚀
cache bypass, force executing 1104e16a4d33b7da
cache bypass, force executing 89a32e48603b8432
cache bypass, force executing effaabaefce2bfb8
cache bypass, force executing a904225ab803598f
cache bypass, force executing 341cf6da081e58de
cache bypass, force executing 9bb58d1e9bd3be0d
cache bypass, force executing 2ebca441f360cae9
cache bypass, force executing 6f7893c7d11e4cef
cache bypass, force executing 9a3d43e621fdf8c0

 Tasks:    10 successful, 10 total
Cached:    0 cached, 10 total
  Time:    1m13.148s 

